This is pdfTeX, Version 3.14159265-2.6-1.40.16 (TeX Live 2015) (preloaded format=pdflatex 2015.12.16)  18 JAN 2017 12:41
entering extended mode
 restricted \write18 enabled.
 file:line:error style messages enabled.
 %&-line parsing enabled.
**TurnTakingCulturalEvolution_SupportingInformation.tex
(./TurnTakingCulturalEvolution_SupportingInformation.tex
LaTeX2e <2015/01/01>
Babel <3.9l> and hyphenation patterns for 79 languages loaded.
(/usr/local/texlive/2015/texmf-dist/tex/latex/base/article.cls
Document Class: article 2014/09/29 v1.4h Standard LaTeX document class
(/usr/local/texlive/2015/texmf-dist/tex/latex/base/size12.clo
File: size12.clo 2014/09/29 v1.4h Standard LaTeX file (size option)
)
\c@part=\count79
\c@section=\count80
\c@subsection=\count81
\c@subsubsection=\count82
\c@paragraph=\count83
\c@subparagraph=\count84
\c@figure=\count85
\c@table=\count86
\abovecaptionskip=\skip41
\belowcaptionskip=\skip42
\bibindent=\dimen102
)
(/usr/local/texlive/2015/texmf-dist/tex/latex/geometry/geometry.sty
Package: geometry 2010/09/12 v5.6 Page Geometry

(/usr/local/texlive/2015/texmf-dist/tex/latex/graphics/keyval.sty
Package: keyval 2014/10/28 v1.15 key=value parser (DPC)
\KV@toks@=\toks14
)
(/usr/local/texlive/2015/texmf-dist/tex/generic/oberdiek/ifpdf.sty
Package: ifpdf 2011/01/30 v2.3 Provides the ifpdf switch (HO)
Package ifpdf Info: pdfTeX in PDF mode is detected.
)
(/usr/local/texlive/2015/texmf-dist/tex/generic/oberdiek/ifvtex.sty
Package: ifvtex 2010/03/01 v1.5 Detect VTeX and its facilities (HO)
Package ifvtex Info: VTeX not detected.
)
(/usr/local/texlive/2015/texmf-dist/tex/generic/ifxetex/ifxetex.sty
Package: ifxetex 2010/09/12 v0.6 Provides ifxetex conditional
)
\Gm@cnth=\count87
\Gm@cntv=\count88
\c@Gm@tempcnt=\count89
\Gm@bindingoffset=\dimen103
\Gm@wd@mp=\dimen104
\Gm@odd@mp=\dimen105
\Gm@even@mp=\dimen106
\Gm@layoutwidth=\dimen107
\Gm@layoutheight=\dimen108
\Gm@layouthoffset=\dimen109
\Gm@layoutvoffset=\dimen110
\Gm@dimlist=\toks15
)
(/usr/local/texlive/2015/texmf-dist/tex/latex/natbib/natbib.sty
Package: natbib 2010/09/13 8.31b (PWD, AO)
\bibhang=\skip43
\bibsep=\skip44
LaTeX Info: Redefining \cite on input line 694.
\c@NAT@ctr=\count90
)
(/usr/local/texlive/2015/texmf-dist/tex/latex/graphics/graphicx.sty
Package: graphicx 2014/10/28 v1.0g Enhanced LaTeX Graphics (DPC,SPQR)

(/usr/local/texlive/2015/texmf-dist/tex/latex/graphics/graphics.sty
Package: graphics 2014/10/28 v1.0p Standard LaTeX Graphics (DPC,SPQR)

(/usr/local/texlive/2015/texmf-dist/tex/latex/graphics/trig.sty
Package: trig 1999/03/16 v1.09 sin cos tan (DPC)
)
(/usr/local/texlive/2015/texmf-dist/tex/latex/latexconfig/graphics.cfg
File: graphics.cfg 2010/04/23 v1.9 graphics configuration of TeX Live
)
Package graphics Info: Driver file: pdftex.def on input line 94.

(/usr/local/texlive/2015/texmf-dist/tex/latex/pdftex-def/pdftex.def
File: pdftex.def 2011/05/27 v0.06d Graphics/color for pdfTeX

(/usr/local/texlive/2015/texmf-dist/tex/generic/oberdiek/infwarerr.sty
Package: infwarerr 2010/04/08 v1.3 Providing info/warning/error messages (HO)
)
(/usr/local/texlive/2015/texmf-dist/tex/generic/oberdiek/ltxcmds.sty
Package: ltxcmds 2011/11/09 v1.22 LaTeX kernel commands for general use (HO)
)
\Gread@gobject=\count91
))
\Gin@req@height=\dimen111
\Gin@req@width=\dimen112
)
(/usr/local/texlive/2015/texmf-dist/tex/latex/url/url.sty
\Urlmuskip=\muskip10
Package: url 2013/09/16  ver 3.4  Verb mode for urls, etc.
)
(/usr/local/texlive/2015/texmf-dist/tex/latex/graphics/color.sty
Package: color 2014/10/28 v1.1a Standard LaTeX Color (DPC)

(/usr/local/texlive/2015/texmf-dist/tex/latex/latexconfig/color.cfg
File: color.cfg 2007/01/18 v1.5 color configuration of teTeX/TeXLive
)
Package color Info: Driver file: pdftex.def on input line 142.
)
(/usr/local/texlive/2015/texmf-dist/tex/latex/pdfpages/pdfpages.sty
Package: pdfpages 2015/05/11 v0.4x Insert pages of external PDF documents (AM)

(/usr/local/texlive/2015/texmf-dist/tex/latex/base/ifthen.sty
Package: ifthen 2014/09/29 v1.1c Standard LaTeX ifthen package (DPC)
)
(/usr/local/texlive/2015/texmf-dist/tex/latex/tools/calc.sty
Package: calc 2014/10/28 v4.3 Infix arithmetic (KKT,FJ)
\calc@Acount=\count92
\calc@Bcount=\count93
\calc@Adimen=\dimen113
\calc@Bdimen=\dimen114
\calc@Askip=\skip45
\calc@Bskip=\skip46
LaTeX Info: Redefining \setlength on input line 80.
LaTeX Info: Redefining \addtolength on input line 81.
\calc@Ccount=\count94
\calc@Cskip=\skip47
)
(/usr/local/texlive/2015/texmf-dist/tex/latex/eso-pic/eso-pic.sty
Package: eso-pic 2015/04/20 v2.0e eso-pic (RN)

(/usr/local/texlive/2015/texmf-dist/tex/generic/oberdiek/atbegshi.sty
Package: atbegshi 2011/10/05 v1.16 At begin shipout hook (HO)
))
\AM@pagewidth=\dimen115
\AM@pageheight=\dimen116

(/usr/local/texlive/2015/texmf-dist/tex/latex/pdfpages/pppdftex.def
File: pppdftex.def 2015/05/11 v0.4x Pdfpages driver for pdfTeX (AM)
)
\AM@pagebox=\box26
\AM@toc@title=\toks16
\c@AM@survey=\count95
\AM@templatesizebox=\box27
)
(./TurnTakingCulturalEvolution_SupportingInformation.aux

LaTeX Warning: Label `default' multiply defined.

)
\openout1 = `TurnTakingCulturalEvolution_SupportingInformation.aux'.

LaTeX Font Info:    Checking defaults for OML/cmm/m/it on input line 19.
LaTeX Font Info:    ... okay on input line 19.
LaTeX Font Info:    Checking defaults for T1/cmr/m/n on input line 19.
LaTeX Font Info:    ... okay on input line 19.
LaTeX Font Info:    Checking defaults for OT1/cmr/m/n on input line 19.
LaTeX Font Info:    ... okay on input line 19.
LaTeX Font Info:    Checking defaults for OMS/cmsy/m/n on input line 19.
LaTeX Font Info:    ... okay on input line 19.
LaTeX Font Info:    Checking defaults for OMX/cmex/m/n on input line 19.
LaTeX Font Info:    ... okay on input line 19.
LaTeX Font Info:    Checking defaults for U/cmr/m/n on input line 19.
LaTeX Font Info:    ... okay on input line 19.

*geometry* driver: auto-detecting
*geometry* detected driver: pdftex
*geometry* verbose mode - [ preamble ] result:
* driver: pdftex
* paper: a4paper
* layout: <same size as paper>
* layoutoffset:(h,v)=(0.0pt,0.0pt)
* modes: 
* h-part:(L,W,R)=(89.62709pt, 418.25368pt, 89.6271pt)
* v-part:(T,H,B)=(101.40665pt, 591.5302pt, 152.11pt)
* \paperwidth=597.50787pt
* \paperheight=845.04684pt
* \textwidth=418.25368pt
* \textheight=591.5302pt
* \oddsidemargin=17.3571pt
* \evensidemargin=17.3571pt
* \topmargin=-7.86334pt
* \headheight=12.0pt
* \headsep=25.0pt
* \topskip=12.0pt
* \footskip=30.0pt
* \marginparwidth=44.0pt
* \marginparsep=10.0pt
* \columnsep=10.0pt
* \skip\footins=10.8pt plus 4.0pt minus 2.0pt
* \hoffset=0.0pt
* \voffset=0.0pt
* \mag=1000
* \@twocolumnfalse
* \@twosidefalse
* \@mparswitchfalse
* \@reversemarginfalse
* (1in=72.27pt=25.4mm, 1cm=28.453pt)

(/usr/local/texlive/2015/texmf-dist/tex/context/base/supp-pdf.mkii
[Loading MPS to PDF converter (version 2006.09.02).]
\scratchcounter=\count96
\scratchdimen=\dimen117
\scratchbox=\box28
\nofMPsegments=\count97
\nofMParguments=\count98
\everyMPshowfont=\toks17
\MPscratchCnt=\count99
\MPscratchDim=\dimen118
\MPnumerator=\count100
\makeMPintoPDFobject=\count101
\everyMPtoPDFconversion=\toks18
) (/usr/local/texlive/2015/texmf-dist/tex/generic/oberdiek/pdftexcmds.sty
Package: pdftexcmds 2011/11/29 v0.20 Utility functions of pdfTeX for LuaTeX (HO
)

(/usr/local/texlive/2015/texmf-dist/tex/generic/oberdiek/ifluatex.sty
Package: ifluatex 2010/03/01 v1.3 Provides the ifluatex switch (HO)
Package ifluatex Info: LuaTeX not detected.
)
Package pdftexcmds Info: LuaTeX not detected.
Package pdftexcmds Info: \pdf@primitive is available.
Package pdftexcmds Info: \pdf@ifprimitive is available.
Package pdftexcmds Info: \pdfdraftmode found.
)
(/usr/local/texlive/2015/texmf-dist/tex/latex/oberdiek/epstopdf-base.sty
Package: epstopdf-base 2010/02/09 v2.5 Base part for package epstopdf

(/usr/local/texlive/2015/texmf-dist/tex/latex/oberdiek/grfext.sty
Package: grfext 2010/08/19 v1.1 Manage graphics extensions (HO)

(/usr/local/texlive/2015/texmf-dist/tex/generic/oberdiek/kvdefinekeys.sty
Package: kvdefinekeys 2011/04/07 v1.3 Define keys (HO)
))
(/usr/local/texlive/2015/texmf-dist/tex/latex/oberdiek/kvoptions.sty
Package: kvoptions 2011/06/30 v3.11 Key value format for package options (HO)

(/usr/local/texlive/2015/texmf-dist/tex/generic/oberdiek/kvsetkeys.sty
Package: kvsetkeys 2012/04/25 v1.16 Key value parser (HO)

(/usr/local/texlive/2015/texmf-dist/tex/generic/oberdiek/etexcmds.sty
Package: etexcmds 2011/02/16 v1.5 Avoid name clashes with e-TeX commands (HO)
Package etexcmds Info: Could not find \expanded.
(etexcmds)             That can mean that you are not using pdfTeX 1.50 or
(etexcmds)             that some package has redefined \expanded.
(etexcmds)             In the latter case, load this package earlier.
)))
Package grfext Info: Graphics extension search list:
(grfext)             [.png,.pdf,.jpg,.mps,.jpeg,.jbig2,.jb2,.PNG,.PDF,.JPG,.JPE
G,.JBIG2,.JB2,.eps]
(grfext)             \AppendGraphicsExtensions on input line 452.

(/usr/local/texlive/2015/texmf-dist/tex/latex/latexconfig/epstopdf-sys.cfg
File: epstopdf-sys.cfg 2010/07/13 v1.3 Configuration of (r)epstopdf for TeX Liv
e
))
\AtBeginShipoutBox=\box29
LaTeX Font Info:    External font `cmex10' loaded for size
(Font)              <14.4> on input line 20.
LaTeX Font Info:    External font `cmex10' loaded for size
(Font)              <7> on input line 20.
LaTeX Font Info:    External font `cmex10' loaded for size
(Font)              <12> on input line 30.
LaTeX Font Info:    External font `cmex10' loaded for size
(Font)              <8> on input line 30.
LaTeX Font Info:    External font `cmex10' loaded for size
(Font)              <6> on input line 30.

Underfull \hbox (badness 10000) in paragraph at lines 22--31

 []


Underfull \hbox (badness 10000) in paragraph at lines 22--31

 []


Underfull \hbox (badness 10000) in paragraph at lines 22--31

 []


Underfull \hbox (badness 10000) in paragraph at lines 22--31

 []


<../../EstimatesOfRealData/ThompsonInflectionalMorphologyTest.pdf, id=1, 614.29
5pt x 794.97pt>
File: ../../EstimatesOfRealData/ThompsonInflectionalMorphologyTest.pdf Graphic 
file (type pdf)

<use ../../EstimatesOfRealData/ThompsonInflectionalMorphologyTest.pdf>
Package pdftex.def Info: ../../EstimatesOfRealData/ThompsonInflectionalMorpholo
gyTest.pdf used on input line 32.
(pdftex.def)             Requested size: 614.29349pt x 794.96806pt.
File: ../../EstimatesOfRealData/ThompsonInflectionalMorphologyTest.pdf Graphic 
file (type pdf)

<use ../../EstimatesOfRealData/ThompsonInflectionalMorphologyTest.pdf>
Package pdftex.def Info: ../../EstimatesOfRealData/ThompsonInflectionalMorpholo
gyTest.pdf used on input line 32.
(pdftex.def)             Requested size: 614.29349pt x 794.96806pt.

<../../EstimatesOfRealData/ThompsonInflectionalMorphologyTest.pdf, id=4, page=1
, 614.295pt x 794.97pt>
File: ../../EstimatesOfRealData/ThompsonInflectionalMorphologyTest.pdf Graphic 
file (type pdf)

<use ../../EstimatesOfRealData/ThompsonInflectionalMorphologyTest.pdf, page 1>
Package pdftex.def Info: ../../EstimatesOfRealData/ThompsonInflectionalMorpholo
gyTest.pdf, page1 used on input line 32.
(pdftex.def)             Requested size: 614.29349pt x 794.96806pt.
File: ../../EstimatesOfRealData/ThompsonInflectionalMorphologyTest.pdf Graphic 
file (type pdf)

<use ../../EstimatesOfRealData/ThompsonInflectionalMorphologyTest.pdf, page 1>
Package pdftex.def Info: ../../EstimatesOfRealData/ThompsonInflectionalMorpholo
gyTest.pdf, page1 used on input line 32.
(pdftex.def)             Requested size: 597.78697pt x 773.60669pt.
File: ../../EstimatesOfRealData/ThompsonInflectionalMorphologyTest.pdf Graphic 
file (type pdf)

<use ../../EstimatesOfRealData/ThompsonInflectionalMorphologyTest.pdf, page 1>
Package pdftex.def Info: ../../EstimatesOfRealData/ThompsonInflectionalMorpholo
gyTest.pdf, page1 used on input line 32.
(pdftex.def)             Requested size: 597.78697pt x 773.60669pt.
File: ../../EstimatesOfRealData/ThompsonInflectionalMorphologyTest.pdf Graphic 
file (type pdf)

<use ../../EstimatesOfRealData/ThompsonInflectionalMorphologyTest.pdf, page 1>
Package pdftex.def Info: ../../EstimatesOfRealData/ThompsonInflectionalMorpholo
gyTest.pdf, page1 used on input line 32.
(pdftex.def)             Requested size: 597.78697pt x 773.60669pt.

[1

{/usr/local/texlive/2015/texmf-var/fonts/map/pdftex/updmap/pdftex.map}]
<../../EstimatesOfRealData/ThompsonInflectionalMorphologyTest.pdf, id=13, page=
2, 614.295pt x 794.97pt>
File: ../../EstimatesOfRealData/ThompsonInflectionalMorphologyTest.pdf Graphic 
file (type pdf)

<use ../../EstimatesOfRealData/ThompsonInflectionalMorphologyTest.pdf, page 2>
Package pdftex.def Info: ../../EstimatesOfRealData/ThompsonInflectionalMorpholo
gyTest.pdf, page2 used on input line 32.
(pdftex.def)             Requested size: 597.78697pt x 773.60669pt.
File: ../../EstimatesOfRealData/ThompsonInflectionalMorphologyTest.pdf Graphic 
file (type pdf)

<use ../../EstimatesOfRealData/ThompsonInflectionalMorphologyTest.pdf, page 2>
Package pdftex.def Info: ../../EstimatesOfRealData/ThompsonInflectionalMorpholo
gyTest.pdf, page2 used on input line 32.
(pdftex.def)             Requested size: 597.78697pt x 773.60669pt.
File: ../../EstimatesOfRealData/ThompsonInflectionalMorphologyTest.pdf Graphic 
file (type pdf)

<use ../../EstimatesOfRealData/ThompsonInflectionalMorphologyTest.pdf, page 1>
Package pdftex.def Info: ../../EstimatesOfRealData/ThompsonInflectionalMorpholo
gyTest.pdf, page1 used on input line 32.
(pdftex.def)             Requested size: 597.78697pt x 773.60669pt.

[2 <../../EstimatesOfRealData/ThompsonInflectionalMorphologyTest.pdf>]
<../../EstimatesOfRealData/ThompsonInflectionalMorphologyTest.pdf, id=51, page=
3, 614.295pt x 794.97pt>
File: ../../EstimatesOfRealData/ThompsonInflectionalMorphologyTest.pdf Graphic 
file (type pdf)

<use ../../EstimatesOfRealData/ThompsonInflectionalMorphologyTest.pdf, page 3>
Package pdftex.def Info: ../../EstimatesOfRealData/ThompsonInflectionalMorpholo
gyTest.pdf, page3 used on input line 32.
(pdftex.def)             Requested size: 597.78697pt x 773.60669pt.
File: ../../EstimatesOfRealData/ThompsonInflectionalMorphologyTest.pdf Graphic 
file (type pdf)

<use ../../EstimatesOfRealData/ThompsonInflectionalMorphologyTest.pdf, page 3>
Package pdftex.def Info: ../../EstimatesOfRealData/ThompsonInflectionalMorpholo
gyTest.pdf, page3 used on input line 32.
(pdftex.def)             Requested size: 597.78697pt x 773.60669pt.
File: ../../EstimatesOfRealData/ThompsonInflectionalMorphologyTest.pdf Graphic 
file (type pdf)

<use ../../EstimatesOfRealData/ThompsonInflectionalMorphologyTest.pdf, page 2>
Package pdftex.def Info: ../../EstimatesOfRealData/ThompsonInflectionalMorpholo
gyTest.pdf, page2 used on input line 32.
(pdftex.def)             Requested size: 597.78697pt x 773.60669pt.

[3 <../../EstimatesOfRealData/ThompsonInflectionalMorphologyTest.pdf>]
<../../EstimatesOfRealData/ThompsonInflectionalMorphologyTest.pdf, id=55, page=
4, 614.295pt x 794.97pt>
File: ../../EstimatesOfRealData/ThompsonInflectionalMorphologyTest.pdf Graphic 
file (type pdf)

<use ../../EstimatesOfRealData/ThompsonInflectionalMorphologyTest.pdf, page 4>
Package pdftex.def Info: ../../EstimatesOfRealData/ThompsonInflectionalMorpholo
gyTest.pdf, page4 used on input line 32.
(pdftex.def)             Requested size: 597.78697pt x 773.60669pt.
File: ../../EstimatesOfRealData/ThompsonInflectionalMorphologyTest.pdf Graphic 
file (type pdf)

<use ../../EstimatesOfRealData/ThompsonInflectionalMorphologyTest.pdf, page 4>
Package pdftex.def Info: ../../EstimatesOfRealData/ThompsonInflectionalMorpholo
gyTest.pdf, page4 used on input line 32.
(pdftex.def)             Requested size: 597.78697pt x 773.60669pt.
File: ../../EstimatesOfRealData/ThompsonInflectionalMorphologyTest.pdf Graphic 
file (type pdf)

<use ../../EstimatesOfRealData/ThompsonInflectionalMorphologyTest.pdf, page 3>
Package pdftex.def Info: ../../EstimatesOfRealData/ThompsonInflectionalMorpholo
gyTest.pdf, page3 used on input line 32.
(pdftex.def)             Requested size: 597.78697pt x 773.60669pt.

[4 <../../EstimatesOfRealData/ThompsonInflectionalMorphologyTest.pdf>]
<../../EstimatesOfRealData/ThompsonInflectionalMorphologyTest.pdf, id=67, page=
5, 614.295pt x 794.97pt>
File: ../../EstimatesOfRealData/ThompsonInflectionalMorphologyTest.pdf Graphic 
file (type pdf)

<use ../../EstimatesOfRealData/ThompsonInflectionalMorphologyTest.pdf, page 5>
Package pdftex.def Info: ../../EstimatesOfRealData/ThompsonInflectionalMorpholo
gyTest.pdf, page5 used on input line 32.
(pdftex.def)             Requested size: 597.78697pt x 773.60669pt.
File: ../../EstimatesOfRealData/ThompsonInflectionalMorphologyTest.pdf Graphic 
file (type pdf)

<use ../../EstimatesOfRealData/ThompsonInflectionalMorphologyTest.pdf, page 5>
Package pdftex.def Info: ../../EstimatesOfRealData/ThompsonInflectionalMorpholo
gyTest.pdf, page5 used on input line 32.
(pdftex.def)             Requested size: 597.78697pt x 773.60669pt.
File: ../../EstimatesOfRealData/ThompsonInflectionalMorphologyTest.pdf Graphic 
file (type pdf)

<use ../../EstimatesOfRealData/ThompsonInflectionalMorphologyTest.pdf, page 4>
Package pdftex.def Info: ../../EstimatesOfRealData/ThompsonInflectionalMorpholo
gyTest.pdf, page4 used on input line 32.
(pdftex.def)             Requested size: 597.78697pt x 773.60669pt.

[5 <../../EstimatesOfRealData/ThompsonInflectionalMorphologyTest.pdf>]
<../../EstimatesOfRealData/ThompsonInflectionalMorphologyTest.pdf, id=71, page=
6, 614.295pt x 794.97pt>
File: ../../EstimatesOfRealData/ThompsonInflectionalMorphologyTest.pdf Graphic 
file (type pdf)

<use ../../EstimatesOfRealData/ThompsonInflectionalMorphologyTest.pdf, page 6>
Package pdftex.def Info: ../../EstimatesOfRealData/ThompsonInflectionalMorpholo
gyTest.pdf, page6 used on input line 32.
(pdftex.def)             Requested size: 597.78697pt x 773.60669pt.
File: ../../EstimatesOfRealData/ThompsonInflectionalMorphologyTest.pdf Graphic 
file (type pdf)

<use ../../EstimatesOfRealData/ThompsonInflectionalMorphologyTest.pdf, page 6>
Package pdftex.def Info: ../../EstimatesOfRealData/ThompsonInflectionalMorpholo
gyTest.pdf, page6 used on input line 32.
(pdftex.def)             Requested size: 597.78697pt x 773.60669pt.
File: ../../EstimatesOfRealData/ThompsonInflectionalMorphologyTest.pdf Graphic 
file (type pdf)

<use ../../EstimatesOfRealData/ThompsonInflectionalMorphologyTest.pdf, page 5>
Package pdftex.def Info: ../../EstimatesOfRealData/ThompsonInflectionalMorpholo
gyTest.pdf, page5 used on input line 32.
(pdftex.def)             Requested size: 597.78697pt x 773.60669pt.

[6 <../../EstimatesOfRealData/ThompsonInflectionalMorphologyTest.pdf>]
<../../EstimatesOfRealData/ThompsonInflectionalMorphologyTest.pdf, id=83, page=
7, 614.295pt x 794.97pt>
File: ../../EstimatesOfRealData/ThompsonInflectionalMorphologyTest.pdf Graphic 
file (type pdf)

<use ../../EstimatesOfRealData/ThompsonInflectionalMorphologyTest.pdf, page 7>
Package pdftex.def Info: ../../EstimatesOfRealData/ThompsonInflectionalMorpholo
gyTest.pdf, page7 used on input line 32.
(pdftex.def)             Requested size: 597.78697pt x 773.60669pt.
File: ../../EstimatesOfRealData/ThompsonInflectionalMorphologyTest.pdf Graphic 
file (type pdf)

<use ../../EstimatesOfRealData/ThompsonInflectionalMorphologyTest.pdf, page 7>
Package pdftex.def Info: ../../EstimatesOfRealData/ThompsonInflectionalMorpholo
gyTest.pdf, page7 used on input line 32.
(pdftex.def)             Requested size: 597.78697pt x 773.60669pt.
File: ../../EstimatesOfRealData/ThompsonInflectionalMorphologyTest.pdf Graphic 
file (type pdf)

<use ../../EstimatesOfRealData/ThompsonInflectionalMorphologyTest.pdf, page 6>
Package pdftex.def Info: ../../EstimatesOfRealData/ThompsonInflectionalMorpholo
gyTest.pdf, page6 used on input line 32.
(pdftex.def)             Requested size: 597.78697pt x 773.60669pt.

[7 <../../EstimatesOfRealData/ThompsonInflectionalMorphologyTest.pdf>]
File: ../../EstimatesOfRealData/ThompsonInflectionalMorphologyTest.pdf Graphic 
file (type pdf)

<use ../../EstimatesOfRealData/ThompsonInflectionalMorphologyTest.pdf, page 7>
Package pdftex.def Info: ../../EstimatesOfRealData/ThompsonInflectionalMorpholo
gyTest.pdf, page7 used on input line 32.
(pdftex.def)             Requested size: 597.78697pt x 773.60669pt.

[8 <../../EstimatesOfRealData/ThompsonInflectionalMorphologyTest.pdf>]
<../../EstimatesOfRealData/EstimateTypology.pdf, id=100, 614.295pt x 794.97pt>
File: ../../EstimatesOfRealData/EstimateTypology.pdf Graphic file (type pdf)

<use ../../EstimatesOfRealData/EstimateTypology.pdf>
Package pdftex.def Info: ../../EstimatesOfRealData/EstimateTypology.pdf used on
 input line 34.
(pdftex.def)             Requested size: 614.29349pt x 794.96806pt.
File: ../../EstimatesOfRealData/EstimateTypology.pdf Graphic file (type pdf)

<use ../../EstimatesOfRealData/EstimateTypology.pdf>
Package pdftex.def Info: ../../EstimatesOfRealData/EstimateTypology.pdf used on
 input line 34.
(pdftex.def)             Requested size: 614.29349pt x 794.96806pt.

<../../EstimatesOfRealData/EstimateTypology.pdf, id=103, page=1, 614.295pt x 79
4.97pt>
File: ../../EstimatesOfRealData/EstimateTypology.pdf Graphic file (type pdf)
 <use ../../EstimatesOfRealData/EstimateTypology.pdf, page 1>
Package pdftex.def Info: ../../EstimatesOfRealData/EstimateTypology.pdf, page1 
used on input line 34.
(pdftex.def)             Requested size: 614.29349pt x 794.96806pt.
File: ../../EstimatesOfRealData/EstimateTypology.pdf Graphic file (type pdf)

<use ../../EstimatesOfRealData/EstimateTypology.pdf, page 1>
Package pdftex.def Info: ../../EstimatesOfRealData/EstimateTypology.pdf, page1 
used on input line 34.
(pdftex.def)             Requested size: 597.78697pt x 773.60669pt.
File: ../../EstimatesOfRealData/EstimateTypology.pdf Graphic file (type pdf)

<use ../../EstimatesOfRealData/EstimateTypology.pdf, page 1>
Package pdftex.def Info: ../../EstimatesOfRealData/EstimateTypology.pdf, page1 
used on input line 34.
(pdftex.def)             Requested size: 597.78697pt x 773.60669pt.
File: ../../EstimatesOfRealData/EstimateTypology.pdf Graphic file (type pdf)

<use ../../EstimatesOfRealData/EstimateTypology.pdf, page 1>
Package pdftex.def Info: ../../EstimatesOfRealData/EstimateTypology.pdf, page1 
used on input line 34.
(pdftex.def)             Requested size: 597.78697pt x 773.60669pt.

<../../EstimatesOfRealData/EstimateTypology.pdf, id=104, page=2, 614.295pt x 79
4.97pt>
File: ../../EstimatesOfRealData/EstimateTypology.pdf Graphic file (type pdf)
 <use ../../EstimatesOfRealData/EstimateTypology.pdf, page 2>
Package pdftex.def Info: ../../EstimatesOfRealData/EstimateTypology.pdf, page2 
used on input line 34.
(pdftex.def)             Requested size: 597.78697pt x 773.60669pt.
File: ../../EstimatesOfRealData/EstimateTypology.pdf Graphic file (type pdf)

<use ../../EstimatesOfRealData/EstimateTypology.pdf, page 2>
Package pdftex.def Info: ../../EstimatesOfRealData/EstimateTypology.pdf, page2 
used on input line 34.
(pdftex.def)             Requested size: 597.78697pt x 773.60669pt.
File: ../../EstimatesOfRealData/EstimateTypology.pdf Graphic file (type pdf)

<use ../../EstimatesOfRealData/EstimateTypology.pdf, page 1>
Package pdftex.def Info: ../../EstimatesOfRealData/EstimateTypology.pdf, page1 
used on input line 34.
(pdftex.def)             Requested size: 597.78697pt x 773.60669pt.
 [9 <../../EstimatesOfRealData/EstimateTypology.pdf>]
<../../EstimatesOfRealData/EstimateTypology.pdf, id=127, page=3, 614.295pt x 79
4.97pt>
File: ../../EstimatesOfRealData/EstimateTypology.pdf Graphic file (type pdf)
 <use ../../EstimatesOfRealData/EstimateTypology.pdf, page 3>
Package pdftex.def Info: ../../EstimatesOfRealData/EstimateTypology.pdf, page3 
used on input line 34.
(pdftex.def)             Requested size: 597.78697pt x 773.60669pt.
File: ../../EstimatesOfRealData/EstimateTypology.pdf Graphic file (type pdf)

<use ../../EstimatesOfRealData/EstimateTypology.pdf, page 3>
Package pdftex.def Info: ../../EstimatesOfRealData/EstimateTypology.pdf, page3 
used on input line 34.
(pdftex.def)             Requested size: 597.78697pt x 773.60669pt.
File: ../../EstimatesOfRealData/EstimateTypology.pdf Graphic file (type pdf)

<use ../../EstimatesOfRealData/EstimateTypology.pdf, page 2>
Package pdftex.def Info: ../../EstimatesOfRealData/EstimateTypology.pdf, page2 
used on input line 34.
(pdftex.def)             Requested size: 597.78697pt x 773.60669pt.
 [10 <../../EstimatesOfRealData/EstimateTypology.pdf>]
<../../EstimatesOfRealData/EstimateTypology.pdf, id=142, page=4, 614.295pt x 79
4.97pt>
File: ../../EstimatesOfRealData/EstimateTypology.pdf Graphic file (type pdf)
 <use ../../EstimatesOfRealData/EstimateTypology.pdf, page 4>
Package pdftex.def Info: ../../EstimatesOfRealData/EstimateTypology.pdf, page4 
used on input line 34.
(pdftex.def)             Requested size: 597.78697pt x 773.60669pt.
File: ../../EstimatesOfRealData/EstimateTypology.pdf Graphic file (type pdf)

<use ../../EstimatesOfRealData/EstimateTypology.pdf, page 4>
Package pdftex.def Info: ../../EstimatesOfRealData/EstimateTypology.pdf, page4 
used on input line 34.
(pdftex.def)             Requested size: 597.78697pt x 773.60669pt.
File: ../../EstimatesOfRealData/EstimateTypology.pdf Graphic file (type pdf)

<use ../../EstimatesOfRealData/EstimateTypology.pdf, page 3>
Package pdftex.def Info: ../../EstimatesOfRealData/EstimateTypology.pdf, page3 
used on input line 34.
(pdftex.def)             Requested size: 597.78697pt x 773.60669pt.
 [11 <../../EstimatesOfRealData/EstimateTypology.pdf>]
File: ../../EstimatesOfRealData/EstimateTypology.pdf Graphic file (type pdf)

<use ../../EstimatesOfRealData/EstimateTypology.pdf, page 4>
Package pdftex.def Info: ../../EstimatesOfRealData/EstimateTypology.pdf, page4 
used on input line 34.
(pdftex.def)             Requested size: 597.78697pt x 773.60669pt.
 [12 <../../EstimatesOfRealData/EstimateTypology.pdf>]
<../images/pdf/ConvTurns.pdf, id=157, 361.35pt x 361.35pt>
File: ../images/pdf/ConvTurns.pdf Graphic file (type pdf)

<use ../images/pdf/ConvTurns.pdf>
Package pdftex.def Info: ../images/pdf/ConvTurns.pdf used on input line 47.
(pdftex.def)             Requested size: 270.30118pt x 270.30055pt.
 [13

 <../images/pdf/ConvTurns.pdf>]
<../images/pdf/PopSizeNoise.pdf, id=172, 563.10374pt x 563.10374pt>
File: ../images/pdf/PopSizeNoise.pdf Graphic file (type pdf)

<use ../images/pdf/PopSizeNoise.pdf>
Package pdftex.def Info: ../images/pdf/PopSizeNoise.pdf used on input line 64.
(pdftex.def)             Requested size: 369.88582pt x 369.8882pt.
 [14

 <../images/pdf/PopSizeNoise.pdf>]
Overfull \hbox (34.63863pt too wide) in paragraph at lines 79--80
[]\OT1/cmr/m/n/12 This does not hap-pen when the pres-sures from turn tak-ing a
re re-moved ($\OML/cmm/m/it/12 n[] \OT1/cmr/m/n/12 =
 []

<../images/pdf/InitialConditions.pdf, id=254, 505.89pt x 505.89pt>
File: ../images/pdf/InitialConditions.pdf Graphic file (type pdf)

<use ../images/pdf/InitialConditions.pdf>
Package pdftex.def Info: ../images/pdf/InitialConditions.pdf used on input line
 83.
(pdftex.def)             Requested size: 418.25368pt x 418.25981pt.

<../images/pdf/InitialConditions_noTTpressure.pdf, id=255, 505.89pt x 505.89pt>
File: ../images/pdf/InitialConditions_noTTpressure.pdf Graphic file (type pdf)
<use ../images/pdf/InitialConditions_noTTpressure.pdf>
Package pdftex.def Info: ../images/pdf/InitialConditions_noTTpressure.pdf used 
on input line 92.
(pdftex.def)             Requested size: 418.25368pt x 418.25981pt.
 [15

] [16 <../images/pdf/InitialConditions.pdf>] [17 <../images/pdf/InitialConditio
ns_noTTpressure.pdf>] [18

]
Overfull \hbox (51.82355pt too wide) in paragraph at lines 132--148
 [][] 
 []

(./TurnTakingCulturalEvolution_SupportingInformation.bbl) [19]
(./TurnTakingCulturalEvolution_SupportingInformation.aux)

LaTeX Warning: There were multiply-defined labels.

 ) 
Here is how much of TeX's memory you used:
 3280 strings out of 493089
 50893 string characters out of 6134841
 121880 words of memory out of 5000000
 6717 multiletter control sequences out of 15000+600000
 9017 words of font info for 32 fonts, out of 8000000 for 9000
 1141 hyphenation exceptions out of 8191
 40i,18n,46p,1153b,419s stack positions out of 5000i,500n,10000p,200000b,80000s
</usr/local/texlive/2015/texmf-dist/fonts/type1/public/amsfonts/cm/cmbx12.pfb
></usr/local/texlive/2015/texmf-dist/fonts/type1/public/amsfonts/cm/cmmi12.pfb>
</usr/local/texlive/2015/texmf-dist/fonts/type1/public/amsfonts/cm/cmmi8.pfb></
usr/local/texlive/2015/texmf-dist/fonts/type1/public/amsfonts/cm/cmr12.pfb></us
r/local/texlive/2015/texmf-dist/fonts/type1/public/amsfonts/cm/cmr17.pfb></usr/
local/texlive/2015/texmf-dist/fonts/type1/public/amsfonts/cm/cmti12.pfb></usr/l
ocal/texlive/2015/texmf-dist/fonts/type1/public/amsfonts/cm/cmtt12.pfb></usr/lo
cal/texlive/2015/texmf-dist/fonts/type1/public/lm/lmbx12.pfb></usr/local/texliv
e/2015/texmf-dist/fonts/type1/public/lm/lmr10.pfb></usr/local/texlive/2015/texm
f-dist/fonts/type1/public/lm/lmr17.pfb></usr/local/texlive/2015/texmf-dist/font
s/type1/public/lm/lmtk10.pfb></usr/local/texlive/2015/texmf-dist/fonts/type1/pu
blic/lm/lmtt10.pfb></usr/local/texlive/2015/texmf-dist/fonts/type1/public/lm/lm
tti10.pfb>
Output written on TurnTakingCulturalEvolution_SupportingInformation.pdf (19 pag
es, 415643 bytes).
PDF statistics:
 314 PDF objects out of 1000 (max. 8388607)
 219 compressed objects within 3 object streams
 0 named destinations out of 1000 (max. 500000)
 106 words of extra memory for PDF output out of 10000 (max. 10000000)

